# JRE version: OpenJDK Runtime Environment (8.0_242-b01) (build 1.8.0_242-release-1644-b01)
# Java VM: OpenJDK 64-Bit Server VM (25.242-b01 mixed mode windows-amd64 compressed oops)
Heap:
 PSYoungGen      total 517120K, used 367907K [0x00000000d5580000, 0x0000000100000000, 0x0000000100000000)
  eden space 430592K, 65% used [0x00000000d5580000,0x00000000e68886f8,0x00000000efa00000)
  from space 86528K, 99% used [0x00000000efa00000,0x00000000f4e408b8,0x00000000f4e80000)
  to   space 135168K, 0% used [0x00000000f7c00000,0x00000000f7c00000,0x0000000100000000)
 ParOldGen       total 676352K, used 383093K [0x0000000080000000, 0x00000000a9480000, 0x00000000d5580000)
  object space 676352K, 56% used [0x0000000080000000,0x000000009761d688,0x00000000a9480000)
 Metaspace       used 244792K, capacity 263424K, committed 263704K, reserved 1277952K
  class space    used 31147K, capacity 34577K, committed 34608K, reserved 1048576K
GC Heap History (10 events):
Event: 17001.229 GC heap before
{Heap before GC invocations=129 (full 10):
 PSYoungGen      total 578048K, used 562005K [0x00000000d5580000, 0x0000000100000000, 0x0000000100000000)
  eden space 474624K, 100% used [0x00000000d5580000,0x00000000f2500000,0x00000000f2500000)
  from space 103424K, 84% used [0x00000000f9b00000,0x00000000ff0557f0,0x0000000100000000)
  to   space 112128K, 0% used [0x00000000f2500000,0x00000000f2500000,0x00000000f9280000)
 ParOldGen       total 676352K, used 353235K [0x0000000080000000, 0x00000000a9480000, 0x00000000d5580000)
  object space 676352K, 52% used [0x0000000080000000,0x00000000958f4d80,0x00000000a9480000)
 Metaspace       used 237953K, capacity 255658K, committed 255768K, reserved 1271808K
  class space    used 30271K, capacity 33538K, committed 33584K, reserved 1048576K
Event: 17001.297 GC heap after
Heap after GC invocations=129 (full 10):
 PSYoungGen      total 565248K, used 90160K [0x00000000d5580000, 0x0000000100000000, 0x0000000100000000)
  eden space 474624K, 0% used [0x00000000d5580000,0x00000000d5580000,0x00000000f2500000)
  from space 90624K, 99% used [0x00000000f2500000,0x00000000f7d0c388,0x00000000f7d80000)
  to   space 119808K, 0% used [0x00000000f8b00000,0x00000000f8b00000,0x0000000100000000)
 ParOldGen       total 676352K, used 354655K [0x0000000080000000, 0x00000000a9480000, 0x00000000d5580000)
  object space 676352K, 52% used [0x0000000080000000,0x0000000095a57c80,0x00000000a9480000)
 Metaspace       used 237953K, capacity 255658K, committed 255768K, reserved 1271808K
  class space    used 30271K, capacity 33538K, committed 33584K, reserved 1048576K
}
Event: 17001.970 GC heap before
{Heap before GC invocations=130 (full 10):
 PSYoungGen      total 565248K, used 564784K [0x00000000d5580000, 0x0000000100000000, 0x0000000100000000)
  eden space 474624K, 100% used [0x00000000d5580000,0x00000000f2500000,0x00000000f2500000)
  from space 90624K, 99% used [0x00000000f2500000,0x00000000f7d0c388,0x00000000f7d80000)
  to   space 119808K, 0% used [0x00000000f8b00000,0x00000000f8b00000,0x0000000100000000)
 ParOldGen       total 676352K, used 354670K [0x0000000080000000, 0x00000000a9480000, 0x00000000d5580000)
  object space 676352K, 52% used [0x0000000080000000,0x0000000095a5b920,0x00000000a9480000)
 Metaspace       used 240602K, capacity 258288K, committed 258584K, reserved 1273856K
  class space    used 30488K, capacity 33747K, committed 33840K, reserved 1048576K
Event: 17002.037 GC heap after
Heap after GC invocations=130 (full 10):
 PSYoungGen      total 570880K, used 84430K [0x00000000d5580000, 0x0000000100000000, 0x0000000100000000)
  eden space 451072K, 0% used [0x00000000d5580000,0x00000000d5580000,0x00000000f0e00000)
  from space 119808K, 70% used [0x00000000f8b00000,0x00000000fdd73888,0x0000000100000000)
  to   space 123904K, 0% used [0x00000000f0e00000,0x00000000f0e00000,0x00000000f8700000)
 ParOldGen       total 676352K, used 357543K [0x0000000080000000, 0x00000000a9480000, 0x00000000d5580000)
  object space 676352K, 52% used [0x0000000080000000,0x0000000095d29ca0,0x00000000a9480000)
 Metaspace       used 240602K, capacity 258288K, committed 258584K, reserved 1273856K
  class space    used 30488K, capacity 33747K, committed 33840K, reserved 1048576K
}
Event: 17002.629 GC heap before
{Heap before GC invocations=131 (full 10):
 PSYoungGen      total 570880K, used 535502K [0x00000000d5580000, 0x0000000100000000, 0x0000000100000000)
  eden space 451072K, 100% used [0x00000000d5580000,0x00000000f0e00000,0x00000000f0e00000)
  from space 119808K, 70% used [0x00000000f8b00000,0x00000000fdd73888,0x0000000100000000)
  to   space 123904K, 0% used [0x00000000f0e00000,0x00000000f0e00000,0x00000000f8700000)
 ParOldGen       total 676352K, used 357543K [0x0000000080000000, 0x00000000a9480000, 0x00000000d5580000)
  object space 676352K, 52% used [0x0000000080000000,0x0000000095d29ca0,0x00000000a9480000)
 Metaspace       used 241993K, capacity 259974K, committed 260120K, reserved 1275904K
  class space    used 30711K, capacity 34016K, committed 34096K, reserved 1048576K
Event: 17002.672 GC heap after
Heap after GC invocations=131 (full 10):
 PSYoungGen      total 542720K, used 91309K [0x00000000d5580000, 0x0000000100000000, 0x0000000100000000)
  eden space 451072K, 0% used [0x00000000d5580000,0x00000000d5580000,0x00000000f0e00000)
  from space 91648K, 99% used [0x00000000f0e00000,0x00000000f672b7d0,0x00000000f6780000)
  to   space 129536K, 0% used [0x00000000f8180000,0x00000000f8180000,0x0000000100000000)
 ParOldGen       total 676352K, used 359967K [0x0000000080000000, 0x00000000a9480000, 0x00000000d5580000)
  object space 676352K, 53% used [0x0000000080000000,0x0000000095f87db8,0x00000000a9480000)
 Metaspace       used 241993K, capacity 259974K, committed 260120K, reserved 1275904K
  class space    used 30711K, capacity 34016K, committed 34096K, reserved 1048576K
}
Event: 17003.218 GC heap before
{Heap before GC invocations=132 (full 10):
 PSYoungGen      total 542720K, used 542381K [0x00000000d5580000, 0x0000000100000000, 0x0000000100000000)
  eden space 451072K, 100% used [0x00000000d5580000,0x00000000f0e00000,0x00000000f0e00000)
  from space 91648K, 99% used [0x00000000f0e00000,0x00000000f672b7d0,0x00000000f6780000)
  to   space 129536K, 0% used [0x00000000f8180000,0x00000000f8180000,0x0000000100000000)
 ParOldGen       total 676352K, used 359967K [0x0000000080000000, 0x00000000a9480000, 0x00000000d5580000)
  object space 676352K, 53% used [0x0000000080000000,0x0000000095f87db8,0x00000000a9480000)
 Metaspace       used 243361K, capacity 261518K, committed 261656K, reserved 1275904K
  class space    used 30915K, capacity 34260K, committed 34352K, reserved 1048576K
Event: 17003.279 GC heap after
Heap after GC invocations=132 (full 10):
 PSYoungGen      total 560128K, used 93277K [0x00000000d5580000, 0x0000000100000000, 0x0000000100000000)
  eden space 430592K, 0% used [0x00000000d5580000,0x00000000d5580000,0x00000000efa00000)
  from space 129536K, 72% used [0x00000000f8180000,0x00000000fdc97730,0x0000000100000000)
  to   space 134144K, 0% used [0x00000000efa00000,0x00000000efa00000,0x00000000f7d00000)
 ParOldGen       total 676352K, used 365251K [0x0000000080000000, 0x00000000a9480000, 0x00000000d5580000)
  object space 676352K, 54% used [0x0000000080000000,0x00000000964b0c80,0x00000000a9480000)
 Metaspace       used 243361K, capacity 261518K, committed 261656K, reserved 1275904K
  class space    used 30915K, capacity 34260K, committed 34352K, reserved 1048576K
}
Event: 17003.768 GC heap before
{Heap before GC invocations=133 (full 10):
 PSYoungGen      total 560128K, used 523869K [0x00000000d5580000, 0x0000000100000000, 0x0000000100000000)
  eden space 430592K, 100% used [0x00000000d5580000,0x00000000efa00000,0x00000000efa00000)
  from space 129536K, 72% used [0x00000000f8180000,0x00000000fdc97730,0x0000000100000000)
  to   space 134144K, 0% used [0x00000000efa00000,0x00000000efa00000,0x00000000f7d00000)
 ParOldGen       total 676352K, used 365251K [0x0000000080000000, 0x00000000a9480000, 0x00000000d5580000)
  object space 676352K, 54% used [0x0000000080000000,0x00000000964b0c80,0x00000000a9480000)
 Metaspace       used 244190K, capacity 262766K, committed 262936K, reserved 1277952K
  class space    used 31067K, capacity 34492K, committed 34608K, reserved 1048576K
Event: 17003.807 GC heap after
Heap after GC invocations=133 (full 10):
 PSYoungGen      total 517120K, used 86274K [0x00000000d5580000, 0x0000000100000000, 0x0000000100000000)
  eden space 430592K, 0% used [0x00000000d5580000,0x00000000d5580000,0x00000000efa00000)
  from space 86528K, 99% used [0x00000000efa00000,0x00000000f4e408b8,0x00000000f4e80000)
  to   space 135168K, 0% used [0x00000000f7c00000,0x00000000f7c00000,0x0000000100000000)
 ParOldGen       total 676352K, used 383093K [0x0000000080000000, 0x00000000a9480000, 0x00000000d5580000)
  object space 676352K, 56% used [0x0000000080000000,0x000000009761d688,0x00000000a9480000)
 Metaspace       used 244190K, capacity 262766K, committed 262936K, reserved 1277952K
  class space    used 31067K, capacity 34492K, committed 34608K, reserved 1048576K
}

