# JRE version: OpenJDK Runtime Environment (8.0_242-b01) (build 1.8.0_242-release-1644-b01)
# Java VM: OpenJDK 64-Bit Server VM (25.242-b01 mixed mode windows-amd64 compressed oops)
Heap:
 PSYoungGen      total 175104K, used 169004K [0x00000000d5580000, 0x00000000e1c80000, 0x0000000100000000)
  eden space 162816K, 96% used [0x00000000d5580000,0x00000000dee8d218,0x00000000df480000)
  from space 12288K, 99% used [0x00000000e1080000,0x00000000e1c7dfe8,0x00000000e1c80000)
  to   space 13824K, 0% used [0x00000000e0180000,0x00000000e0180000,0x00000000e0f00000)
 ParOldGen       total 141824K, used 17784K [0x0000000080000000, 0x0000000088a80000, 0x00000000d5580000)
  object space 141824K, 12% used [0x0000000080000000,0x000000008115e378,0x0000000088a80000)
 Metaspace       used 56039K, capacity 58032K, committed 58288K, reserved 1099776K
  class space    used 7601K, capacity 8043K, committed 8112K, reserved 1048576K
GC Heap History (10 events):
Event: 5.113 GC heap before
{Heap before GC invocations=6 (full 1):
 PSYoungGen      total 76288K, used 65304K [0x00000000d5580000, 0x00000000dea80000, 0x0000000100000000)
  eden space 65536K, 99% used [0x00000000d5580000,0x00000000d95460b8,0x00000000d9580000)
  from space 10752K, 0% used [0x00000000da000000,0x00000000da000000,0x00000000daa80000)
  to   space 10752K, 0% used [0x00000000d9580000,0x00000000d9580000,0x00000000da000000)
 ParOldGen       total 94208K, used 7348K [0x0000000080000000, 0x0000000085c00000, 0x00000000d5580000)
  object space 94208K, 7% used [0x0000000080000000,0x000000008072d140,0x0000000085c00000)
 Metaspace       used 28268K, capacity 28916K, committed 29232K, reserved 1075200K
  class space    used 3901K, capacity 4127K, committed 4144K, reserved 1048576K
Event: 5.119 GC heap after
Heap after GC invocations=6 (full 1):
 PSYoungGen      total 76288K, used 8618K [0x00000000d5580000, 0x00000000dd780000, 0x0000000100000000)
  eden space 65536K, 0% used [0x00000000d5580000,0x00000000d5580000,0x00000000d9580000)
  from space 10752K, 80% used [0x00000000d9580000,0x00000000d9dea928,0x00000000da000000)
  to   space 12288K, 0% used [0x00000000dcb80000,0x00000000dcb80000,0x00000000dd780000)
 ParOldGen       total 94208K, used 7356K [0x0000000080000000, 0x0000000085c00000, 0x00000000d5580000)
  object space 94208K, 7% used [0x0000000080000000,0x000000008072f140,0x0000000085c00000)
 Metaspace       used 28268K, capacity 28916K, committed 29232K, reserved 1075200K
  class space    used 3901K, capacity 4127K, committed 4144K, reserved 1048576K
}
Event: 5.687 GC heap before
{Heap before GC invocations=7 (full 1):
 PSYoungGen      total 76288K, used 74154K [0x00000000d5580000, 0x00000000dd780000, 0x0000000100000000)
  eden space 65536K, 100% used [0x00000000d5580000,0x00000000d9580000,0x00000000d9580000)
  from space 10752K, 80% used [0x00000000d9580000,0x00000000d9dea928,0x00000000da000000)
  to   space 12288K, 0% used [0x00000000dcb80000,0x00000000dcb80000,0x00000000dd780000)
 ParOldGen       total 94208K, used 7356K [0x0000000080000000, 0x0000000085c00000, 0x00000000d5580000)
  object space 94208K, 7% used [0x0000000080000000,0x000000008072f140,0x0000000085c00000)
 Metaspace       used 32356K, capacity 33176K, committed 33328K, reserved 1077248K
  class space    used 4418K, capacity 4609K, committed 4656K, reserved 1048576K
Event: 5.696 GC heap after
Heap after GC invocations=7 (full 1):
 PSYoungGen      total 118784K, used 9177K [0x00000000d5580000, 0x00000000dd680000, 0x0000000100000000)
  eden space 107520K, 0% used [0x00000000d5580000,0x00000000d5580000,0x00000000dbe80000)
  from space 11264K, 81% used [0x00000000dcb80000,0x00000000dd476790,0x00000000dd680000)
  to   space 12288K, 0% used [0x00000000dbe80000,0x00000000dbe80000,0x00000000dca80000)
 ParOldGen       total 94208K, used 7364K [0x0000000080000000, 0x0000000085c00000, 0x00000000d5580000)
  object space 94208K, 7% used [0x0000000080000000,0x0000000080731140,0x0000000085c00000)
 Metaspace       used 32356K, capacity 33176K, committed 33328K, reserved 1077248K
  class space    used 4418K, capacity 4609K, committed 4656K, reserved 1048576K
}
Event: 6.009 GC heap before
{Heap before GC invocations=8 (full 1):
 PSYoungGen      total 118784K, used 55703K [0x00000000d5580000, 0x00000000dd680000, 0x0000000100000000)
  eden space 107520K, 43% used [0x00000000d5580000,0x00000000d82ef758,0x00000000dbe80000)
  from space 11264K, 81% used [0x00000000dcb80000,0x00000000dd476790,0x00000000dd680000)
  to   space 12288K, 0% used [0x00000000dbe80000,0x00000000dbe80000,0x00000000dca80000)
 ParOldGen       total 94208K, used 7364K [0x0000000080000000, 0x0000000085c00000, 0x00000000d5580000)
  object space 94208K, 7% used [0x0000000080000000,0x0000000080731140,0x0000000085c00000)
 Metaspace       used 34485K, capacity 35374K, committed 35496K, reserved 1079296K
  class space    used 4729K, capacity 4966K, committed 5040K, reserved 1048576K
Event: 6.020 GC heap after
Heap after GC invocations=8 (full 1):
 PSYoungGen      total 119808K, used 9262K [0x00000000d5580000, 0x00000000e1c80000, 0x0000000100000000)
  eden space 107520K, 0% used [0x00000000d5580000,0x00000000d5580000,0x00000000dbe80000)
  from space 12288K, 75% used [0x00000000dbe80000,0x00000000dc78b828,0x00000000dca80000)
  to   space 12288K, 0% used [0x00000000e1080000,0x00000000e1080000,0x00000000e1c80000)
 ParOldGen       total 94208K, used 7372K [0x0000000080000000, 0x0000000085c00000, 0x00000000d5580000)
  object space 94208K, 7% used [0x0000000080000000,0x0000000080733140,0x0000000085c00000)
 Metaspace       used 34485K, capacity 35374K, committed 35496K, reserved 1079296K
  class space    used 4729K, capacity 4966K, committed 5040K, reserved 1048576K
}
Event: 6.020 GC heap before
{Heap before GC invocations=9 (full 2):
 PSYoungGen      total 119808K, used 9262K [0x00000000d5580000, 0x00000000e1c80000, 0x0000000100000000)
  eden space 107520K, 0% used [0x00000000d5580000,0x00000000d5580000,0x00000000dbe80000)
  from space 12288K, 75% used [0x00000000dbe80000,0x00000000dc78b828,0x00000000dca80000)
  to   space 12288K, 0% used [0x00000000e1080000,0x00000000e1080000,0x00000000e1c80000)
 ParOldGen       total 94208K, used 7372K [0x0000000080000000, 0x0000000085c00000, 0x00000000d5580000)
  object space 94208K, 7% used [0x0000000080000000,0x0000000080733140,0x0000000085c00000)
 Metaspace       used 34485K, capacity 35374K, committed 35496K, reserved 1079296K
  class space    used 4729K, capacity 4966K, committed 5040K, reserved 1048576K
Event: 6.069 GC heap after
Heap after GC invocations=9 (full 2):
 PSYoungGen      total 119808K, used 0K [0x00000000d5580000, 0x00000000e1c80000, 0x0000000100000000)
  eden space 107520K, 0% used [0x00000000d5580000,0x00000000d5580000,0x00000000dbe80000)
  from space 12288K, 0% used [0x00000000dbe80000,0x00000000dbe80000,0x00000000dca80000)
  to   space 12288K, 0% used [0x00000000e1080000,0x00000000e1080000,0x00000000e1c80000)
 ParOldGen       total 141824K, used 15932K [0x0000000080000000, 0x0000000088a80000, 0x00000000d5580000)
  object space 141824K, 11% used [0x0000000080000000,0x0000000080f8f260,0x0000000088a80000)
 Metaspace       used 34485K, capacity 35374K, committed 35496K, reserved 1079296K
  class space    used 4729K, capacity 4966K, committed 5040K, reserved 1048576K
}
Event: 7.639 GC heap before
{Heap before GC invocations=10 (full 2):
 PSYoungGen      total 119808K, used 107520K [0x00000000d5580000, 0x00000000e1c80000, 0x0000000100000000)
  eden space 107520K, 100% used [0x00000000d5580000,0x00000000dbe80000,0x00000000dbe80000)
  from space 12288K, 0% used [0x00000000dbe80000,0x00000000dbe80000,0x00000000dca80000)
  to   space 12288K, 0% used [0x00000000e1080000,0x00000000e1080000,0x00000000e1c80000)
 ParOldGen       total 141824K, used 15932K [0x0000000080000000, 0x0000000088a80000, 0x00000000d5580000)
  object space 141824K, 11% used [0x0000000080000000,0x0000000080f8f260,0x0000000088a80000)
 Metaspace       used 43151K, capacity 44666K, committed 44976K, reserved 1087488K
  class space    used 5848K, capacity 6197K, committed 6320K, reserved 1048576K
Event: 7.655 GC heap after
Heap after GC invocations=10 (full 2):
 PSYoungGen      total 175104K, used 12279K [0x00000000d5580000, 0x00000000e1c80000, 0x0000000100000000)
  eden space 162816K, 0% used [0x00000000d5580000,0x00000000d5580000,0x00000000df480000)
  from space 12288K, 99% used [0x00000000e1080000,0x00000000e1c7dfe8,0x00000000e1c80000)
  to   space 13824K, 0% used [0x00000000e0180000,0x00000000e0180000,0x00000000e0f00000)
 ParOldGen       total 141824K, used 17784K [0x0000000080000000, 0x0000000088a80000, 0x00000000d5580000)
  object space 141824K, 12% used [0x0000000080000000,0x000000008115e378,0x0000000088a80000)
 Metaspace       used 43151K, capacity 44666K, committed 44976K, reserved 1087488K
  class space    used 5848K, capacity 6197K, committed 6320K, reserved 1048576K
}

