# JRE version: OpenJDK Runtime Environment (8.0_242-b01) (build 1.8.0_242-release-1644-b01)
# Java VM: OpenJDK 64-Bit Server VM (25.242-b01 mixed mode windows-amd64 compressed oops)
Heap:
 PSYoungGen      total 200704K, used 34712K [0x000000076b100000, 0x000000077f400000, 0x00000007c0000000)
  eden space 189952K, 18% used [0x000000076b100000,0x000000076d2e6120,0x0000000776a80000)
  from space 10752K, 0% used [0x0000000776a80000,0x0000000776a80000,0x0000000777500000)
  to   space 43008K, 0% used [0x000000077ca00000,0x000000077ca00000,0x000000077f400000)
 ParOldGen       total 314368K, used 57233K [0x00000006c1200000, 0x00000006d4500000, 0x000000076b100000)
  object space 314368K, 18% used [0x00000006c1200000,0x00000006c49e4610,0x00000006d4500000)
 Metaspace       used 62076K, capacity 63314K, committed 63488K, reserved 1105920K
  class space    used 7612K, capacity 7892K, committed 7936K, reserved 1048576K
GC Heap History (10 events):
Event: 2.578 GC heap before
{Heap before GC invocations=4 (full 1):
 PSYoungGen      total 141824K, used 102590K [0x000000076b100000, 0x0000000774600000, 0x00000007c0000000)
  eden space 131072K, 78% used [0x000000076b100000,0x000000077152fa00,0x0000000773100000)
  from space 10752K, 0% used [0x0000000773b80000,0x0000000773b80000,0x0000000774600000)
  to   space 10752K, 0% used [0x0000000773100000,0x0000000773100000,0x0000000773b80000)
 ParOldGen       total 115712K, used 9529K [0x00000006c1200000, 0x00000006c8300000, 0x000000076b100000)
  object space 115712K, 8% used [0x00000006c1200000,0x00000006c1b4e528,0x00000006c8300000)
 Metaspace       used 34734K, capacity 35194K, committed 35416K, reserved 1081344K
  class space    used 4403K, capacity 4550K, committed 4608K, reserved 1048576K
Event: 2.595 GC heap after
Heap after GC invocations=4 (full 1):
 PSYoungGen      total 141824K, used 10731K [0x000000076b100000, 0x0000000777f80000, 0x00000007c0000000)
  eden space 131072K, 0% used [0x000000076b100000,0x000000076b100000,0x0000000773100000)
  from space 10752K, 99% used [0x0000000773100000,0x0000000773b7add8,0x0000000773b80000)
  to   space 10752K, 0% used [0x0000000777500000,0x0000000777500000,0x0000000777f80000)
 ParOldGen       total 115712K, used 22609K [0x00000006c1200000, 0x00000006c8300000, 0x000000076b100000)
  object space 115712K, 19% used [0x00000006c1200000,0x00000006c2814518,0x00000006c8300000)
 Metaspace       used 34734K, capacity 35194K, committed 35416K, reserved 1081344K
  class space    used 4403K, capacity 4550K, committed 4608K, reserved 1048576K
}
Event: 2.595 GC heap before
{Heap before GC invocations=5 (full 2):
 PSYoungGen      total 141824K, used 10731K [0x000000076b100000, 0x0000000777f80000, 0x00000007c0000000)
  eden space 131072K, 0% used [0x000000076b100000,0x000000076b100000,0x0000000773100000)
  from space 10752K, 99% used [0x0000000773100000,0x0000000773b7add8,0x0000000773b80000)
  to   space 10752K, 0% used [0x0000000777500000,0x0000000777500000,0x0000000777f80000)
 ParOldGen       total 115712K, used 22609K [0x00000006c1200000, 0x00000006c8300000, 0x000000076b100000)
  object space 115712K, 19% used [0x00000006c1200000,0x00000006c2814518,0x00000006c8300000)
 Metaspace       used 34734K, capacity 35194K, committed 35416K, reserved 1081344K
  class space    used 4403K, capacity 4550K, committed 4608K, reserved 1048576K
Event: 2.637 GC heap after
Heap after GC invocations=5 (full 2):
 PSYoungGen      total 141824K, used 0K [0x000000076b100000, 0x0000000777f80000, 0x00000007c0000000)
  eden space 131072K, 0% used [0x000000076b100000,0x000000076b100000,0x0000000773100000)
  from space 10752K, 0% used [0x0000000773100000,0x0000000773100000,0x0000000773b80000)
  to   space 10752K, 0% used [0x0000000777500000,0x0000000777500000,0x0000000777f80000)
 ParOldGen       total 204800K, used 29069K [0x00000006c1200000, 0x00000006cda00000, 0x000000076b100000)
  object space 204800K, 14% used [0x00000006c1200000,0x00000006c2e635b0,0x00000006cda00000)
 Metaspace       used 34734K, capacity 35194K, committed 35416K, reserved 1081344K
  class space    used 4403K, capacity 4550K, committed 4608K, reserved 1048576K
}
Event: 4.265 GC heap before
{Heap before GC invocations=6 (full 2):
 PSYoungGen      total 141824K, used 131072K [0x000000076b100000, 0x0000000777f80000, 0x00000007c0000000)
  eden space 131072K, 100% used [0x000000076b100000,0x0000000773100000,0x0000000773100000)
  from space 10752K, 0% used [0x0000000773100000,0x0000000773100000,0x0000000773b80000)
  to   space 10752K, 0% used [0x0000000777500000,0x0000000777500000,0x0000000777f80000)
 ParOldGen       total 204800K, used 29069K [0x00000006c1200000, 0x00000006cda00000, 0x000000076b100000)
  object space 204800K, 14% used [0x00000006c1200000,0x00000006c2e635b0,0x00000006cda00000)
 Metaspace       used 46323K, capacity 47122K, committed 47232K, reserved 1091584K
  class space    used 5747K, capacity 6010K, committed 6016K, reserved 1048576K
Event: 4.285 GC heap after
Heap after GC invocations=6 (full 2):
 PSYoungGen      total 190976K, used 10730K [0x000000076b100000, 0x0000000777f80000, 0x00000007c0000000)
  eden space 180224K, 0% used [0x000000076b100000,0x000000076b100000,0x0000000776100000)
  from space 10752K, 99% used [0x0000000777500000,0x0000000777f7aa30,0x0000000777f80000)
  to   space 10752K, 0% used [0x0000000776a80000,0x0000000776a80000,0x0000000777500000)
 ParOldGen       total 204800K, used 45066K [0x00000006c1200000, 0x00000006cda00000, 0x000000076b100000)
  object space 204800K, 22% used [0x00000006c1200000,0x00000006c3e02b98,0x00000006cda00000)
 Metaspace       used 46323K, capacity 47122K, committed 47232K, reserved 1091584K
  class space    used 5747K, capacity 6010K, committed 6016K, reserved 1048576K
}
Event: 6.804 GC heap before
{Heap before GC invocations=7 (full 2):
 PSYoungGen      total 190976K, used 168155K [0x000000076b100000, 0x0000000777f80000, 0x00000007c0000000)
  eden space 180224K, 87% used [0x000000076b100000,0x0000000774abc278,0x0000000776100000)
  from space 10752K, 99% used [0x0000000777500000,0x0000000777f7aa30,0x0000000777f80000)
  to   space 10752K, 0% used [0x0000000776a80000,0x0000000776a80000,0x0000000777500000)
 ParOldGen       total 204800K, used 45066K [0x00000006c1200000, 0x00000006cda00000, 0x000000076b100000)
  object space 204800K, 22% used [0x00000006c1200000,0x00000006c3e02b98,0x00000006cda00000)
 Metaspace       used 57757K, capacity 58896K, committed 59008K, reserved 1101824K
  class space    used 7222K, capacity 7503K, committed 7552K, reserved 1048576K
Event: 6.833 GC heap after
Heap after GC invocations=7 (full 2):
 PSYoungGen      total 200704K, used 10739K [0x000000076b100000, 0x000000077f400000, 0x00000007c0000000)
  eden space 189952K, 0% used [0x000000076b100000,0x000000076b100000,0x0000000776a80000)
  from space 10752K, 99% used [0x0000000776a80000,0x00000007774fcfe0,0x0000000777500000)
  to   space 43008K, 0% used [0x000000077ca00000,0x000000077ca00000,0x000000077f400000)
 ParOldGen       total 204800K, used 72570K [0x00000006c1200000, 0x00000006cda00000, 0x000000076b100000)
  object space 204800K, 35% used [0x00000006c1200000,0x00000006c58de950,0x00000006cda00000)
 Metaspace       used 57757K, capacity 58896K, committed 59008K, reserved 1101824K
  class space    used 7222K, capacity 7503K, committed 7552K, reserved 1048576K
}
Event: 6.833 GC heap before
{Heap before GC invocations=8 (full 3):
 PSYoungGen      total 200704K, used 10739K [0x000000076b100000, 0x000000077f400000, 0x00000007c0000000)
  eden space 189952K, 0% used [0x000000076b100000,0x000000076b100000,0x0000000776a80000)
  from space 10752K, 99% used [0x0000000776a80000,0x00000007774fcfe0,0x0000000777500000)
  to   space 43008K, 0% used [0x000000077ca00000,0x000000077ca00000,0x000000077f400000)
 ParOldGen       total 204800K, used 72570K [0x00000006c1200000, 0x00000006cda00000, 0x000000076b100000)
  object space 204800K, 35% used [0x00000006c1200000,0x00000006c58de950,0x00000006cda00000)
 Metaspace       used 57757K, capacity 58896K, committed 59008K, reserved 1101824K
  class space    used 7222K, capacity 7503K, committed 7552K, reserved 1048576K
Event: 6.999 GC heap after
Heap after GC invocations=8 (full 3):
 PSYoungGen      total 200704K, used 0K [0x000000076b100000, 0x000000077f400000, 0x00000007c0000000)
  eden space 189952K, 0% used [0x000000076b100000,0x000000076b100000,0x0000000776a80000)
  from space 10752K, 0% used [0x0000000776a80000,0x0000000776a80000,0x0000000777500000)
  to   space 43008K, 0% used [0x000000077ca00000,0x000000077ca00000,0x000000077f400000)
 ParOldGen       total 314368K, used 57233K [0x00000006c1200000, 0x00000006d4500000, 0x000000076b100000)
  object space 314368K, 18% used [0x00000006c1200000,0x00000006c49e4610,0x00000006d4500000)
 Metaspace       used 57757K, capacity 58896K, committed 59008K, reserved 1101824K
  class space    used 7222K, capacity 7503K, committed 7552K, reserved 1048576K
}

